<?xml version="1.0" encoding="UTF-8"?>
<!-- Generated by org.testng.reporters.JUnitReportReporter -->
<testsuite skipped="0" hostname="T90" name="TestCases.Put_or_Update_a_Product" tests="1" failures="0" timestamp="26 Jun 2021 17:51:26 GMT" time="2.703" errors="0">
  <testcase name="update_a_product" time="2.703" classname="TestCases.Put_or_Update_a_Product"/>
</testsuite> <!-- TestCases.Put_or_Update_a_Product -->
