<?xml version="1.0" encoding="UTF-8"?>
<!-- Generated by org.testng.reporters.JUnitReportReporter -->
<testsuite skipped="0" hostname="T90" name="TestCases.GET_Or_Read_A_Product" tests="1" failures="0" timestamp="20 Jun 2021 17:14:25 GMT" time="2.322" errors="0">
  <testcase name="read_a_products" time="2.322" classname="TestCases.GET_Or_Read_A_Product"/>
</testsuite> <!-- TestCases.GET_Or_Read_A_Product -->
