<?xml version="1.0" encoding="UTF-8"?>
<!-- Generated by org.testng.reporters.JUnitReportReporter -->
<testsuite skipped="0" hostname="T90" name="TestCases.Create_A_Product" tests="1" failures="0" timestamp="26 Jun 2021 17:43:56 GMT" time="2.924" errors="0">
  <testcase name="create_A_Product" time="2.924" classname="TestCases.Create_A_Product"/>
</testsuite> <!-- TestCases.Create_A_Product -->
