<?xml version="1.0" encoding="UTF-8"?>
<!-- Generated by org.testng.reporters.JUnitReportReporter -->
<testsuite skipped="0" hostname="T90" name="TestCases.GET_Or_Read_All_Product" tests="1" failures="0" timestamp="20 Jun 2021 16:04:11 GMT" time="1.887" errors="0">
  <testcase name="read_all_products" time="1.887" classname="TestCases.GET_Or_Read_All_Product"/>
</testsuite> <!-- TestCases.GET_Or_Read_All_Product -->
